[2021-02-07T20:14:42.469] [ERROR] globalError - Cheese is too ripe!
[2021-02-07T20:14:42.471] [FATAL] globalError - Cheese was breeding ground for listeria.
[2021-02-07T20:16:37.557] [ERROR] globalError - 自定义错误
[2021-02-07T20:39:09.103] [ERROR] globalError - _BooksModel.default.getBooksList is not a function
[2021-02-07T20:39:24.028] [ERROR] globalError - _BooksModel.default.getBooksList is not a function
[2021-02-07T20:47:09.350] [ERROR] globalError - BooksModel is not defined
[2021-02-07T20:47:27.028] [ERROR] globalError - BooksModel is not defined
[2021-02-07T20:47:59.355] [ERROR] globalError - ReferenceError: BooksModel is not defined
    at _callee$ (/Users/wanggenzhen/Desktop/yd-book-one/controllers/BooksController.js:8:15)
    at tryCatch (/Users/wanggenzhen/Desktop/yd-book-one/node_modules/regenerator-runtime/runtime.js:63:40)
    at Generator.invoke [as _invoke] (/Users/wanggenzhen/Desktop/yd-book-one/node_modules/regenerator-runtime/runtime.js:293:22)
    at Generator.next (/Users/wanggenzhen/Desktop/yd-book-one/node_modules/regenerator-runtime/runtime.js:118:21)
    at asyncGeneratorStep (/Users/wanggenzhen/Desktop/yd-book-one/controllers/BooksController.js:14:103)
    at _next (/Users/wanggenzhen/Desktop/yd-book-one/controllers/BooksController.js:16:194)
    at /Users/wanggenzhen/Desktop/yd-book-one/controllers/BooksController.js:16:364
    at new Promise (<anonymous>)
    at /Users/wanggenzhen/Desktop/yd-book-one/controllers/BooksController.js:16:97
    at actionBooksList (/Users/wanggenzhen/Desktop/yd-book-one/controllers/BooksController.js:81:33)
[2021-02-26T21:26:45.599] [ERROR] globalError - [Error: ENOENT: no such file or directory, open '/Users/wanggenzhen/Desktop/yd-book-two/src/web/views/books/list.html'] {
  errno: -2,
  code: 'ENOENT',
  syscall: 'open',
  path: '/Users/wanggenzhen/Desktop/yd-book-two/src/web/views/books/list.html'
}
[2021-02-28T21:37:51.778] [ERROR] globalError - [Error: ENOENT: no such file or directory, open '/Users/wanggenzhen/Desktop/yd-book-three/web/views/index.html'] {
  errno: -2,
  code: 'ENOENT',
  syscall: 'open',
  path: '/Users/wanggenzhen/Desktop/yd-book-three/web/views/index.html'
}
[2021-02-28T21:40:36.201] [ERROR] globalError - [Error: ENOENT: no such file or directory, open '/Users/wanggenzhen/Desktop/yd-book-three/web/views/books/pages/list.html'] {
  errno: -2,
  code: 'ENOENT',
  syscall: 'open',
  path: '/Users/wanggenzhen/Desktop/yd-book-three/web/views/books/pages/list.html'
}
[2021-02-28T21:52:45.246] [ERROR] globalError - [Error: ENOENT: no such file or directory, open '/Users/wanggenzhen/Desktop/yd-book-three/web/views/books/pages/list.html'] {
  errno: -2,
  code: 'ENOENT',
  syscall: 'open',
  path: '/Users/wanggenzhen/Desktop/yd-book-three/web/views/books/pages/list.html'
}
