[2021-03-14T11:53:00.465] [ERROR] globalError - Error: ENOENT: no such file or directory, open '/Users/yuanzhijia/Desktop/yd-book-four/dist/components/banner/banner.html'
    at Object.openSync (fs.js:476:3)
    at Object.readFileSync (fs.js:377:35)
    at Object.ret.load (/Users/yuanzhijia/Desktop/yd-book-four/node_modules/swig-templates/lib/loaders/filesystem.js:59:15)
    at exports.Swig.compileFile (/Users/yuanzhijia/Desktop/yd-book-four/node_modules/swig-templates/lib/swig.js:740:31)
    at Object.eval [as tpl] (eval at precompile (/Users/yuanzhijia/Desktop/yd-book-four/node_modules/swig-templates/lib/swig.js:537:13), <anonymous>:10:18)
    at compiled (/Users/yuanzhijia/Desktop/yd-book-four/node_modules/swig-templates/lib/swig.js:664:18)
    at /Users/yuanzhijia/Desktop/yd-book-four/node_modules/swig-templates/lib/swig.js:604:20
    at /Users/yuanzhijia/Desktop/yd-book-four/node_modules/swig-templates/lib/swig.js:735:9
    at FSReqCallback.readFileAfterClose [as oncomplete] (internal/fs/read_file_context.js:63:3) {
  errno: -2,
  syscall: 'open',
  code: 'ENOENT',
  path: '/Users/yuanzhijia/Desktop/yd-book-four/dist/components/banner/banner.html'
}
[2021-03-31T07:50:04.307] [ERROR] globalError - ReferenceError: Readable is not defined
    at /Users/zhaoguoxing/Documents/code/shuqi/susie-pjax/dist/controllers/IndexController.js:44:30
    at new Promise (<anonymous>)
    at createSsrStreamPromise (/Users/zhaoguoxing/Documents/code/shuqi/susie-pjax/dist/controllers/IndexController.js:43:16)
    at actionHome (/Users/zhaoguoxing/Documents/code/shuqi/susie-pjax/dist/controllers/IndexController.js:57:13)
    at async /Users/zhaoguoxing/Documents/code/shuqi/susie-pjax/dist/middlewares/ErrorHandler.js:12:9
    at async serve (/Users/zhaoguoxing/Documents/code/shuqi/susie-pjax/node_modules/koa-static/index.js:53:9)
[2021-03-31T07:51:45.048] [ERROR] globalError - ReferenceError: Readable is not defined
    at /Users/zhaoguoxing/Documents/code/shuqi/susie-pjax/dist/controllers/IndexController.js:44:30
    at new Promise (<anonymous>)
    at createSsrStreamPromise (/Users/zhaoguoxing/Documents/code/shuqi/susie-pjax/dist/controllers/IndexController.js:43:16)
    at actionHome (/Users/zhaoguoxing/Documents/code/shuqi/susie-pjax/dist/controllers/IndexController.js:57:13)
    at async /Users/zhaoguoxing/Documents/code/shuqi/susie-pjax/dist/middlewares/ErrorHandler.js:12:9
    at async serve (/Users/zhaoguoxing/Documents/code/shuqi/susie-pjax/node_modules/koa-static/index.js:53:9)
[2021-03-31T07:51:49.014] [ERROR] globalError - ReferenceError: Readable is not defined
    at /Users/zhaoguoxing/Documents/code/shuqi/susie-pjax/dist/controllers/IndexController.js:44:30
    at new Promise (<anonymous>)
    at createSsrStreamPromise (/Users/zhaoguoxing/Documents/code/shuqi/susie-pjax/dist/controllers/IndexController.js:43:16)
    at actionHome (/Users/zhaoguoxing/Documents/code/shuqi/susie-pjax/dist/controllers/IndexController.js:57:13)
    at async /Users/zhaoguoxing/Documents/code/shuqi/susie-pjax/dist/middlewares/ErrorHandler.js:12:9
    at async serve (/Users/zhaoguoxing/Documents/code/shuqi/susie-pjax/node_modules/koa-static/index.js:53:9)
[2021-03-31T07:52:30.775] [ERROR] globalError - ReferenceError: Readable is not defined
    at /Users/zhaoguoxing/Documents/code/shuqi/susie-pjax/dist/controllers/IndexController.js:44:30
    at new Promise (<anonymous>)
    at createSsrStreamPromise (/Users/zhaoguoxing/Documents/code/shuqi/susie-pjax/dist/controllers/IndexController.js:43:16)
    at actionHome (/Users/zhaoguoxing/Documents/code/shuqi/susie-pjax/dist/controllers/IndexController.js:57:13)
    at async /Users/zhaoguoxing/Documents/code/shuqi/susie-pjax/dist/middlewares/ErrorHandler.js:12:9
    at async serve (/Users/zhaoguoxing/Documents/code/shuqi/susie-pjax/node_modules/koa-static/index.js:53:9)
[2021-03-31T07:52:38.505] [ERROR] globalError - ReferenceError: Readable is not defined
    at /Users/zhaoguoxing/Documents/code/shuqi/susie-pjax/dist/controllers/IndexController.js:44:30
    at new Promise (<anonymous>)
    at createSsrStreamPromise (/Users/zhaoguoxing/Documents/code/shuqi/susie-pjax/dist/controllers/IndexController.js:43:16)
    at actionHome (/Users/zhaoguoxing/Documents/code/shuqi/susie-pjax/dist/controllers/IndexController.js:57:13)
    at async /Users/zhaoguoxing/Documents/code/shuqi/susie-pjax/dist/middlewares/ErrorHandler.js:12:9
    at async serve (/Users/zhaoguoxing/Documents/code/shuqi/susie-pjax/node_modules/koa-static/index.js:53:9)
[2021-03-31T07:52:42.669] [ERROR] globalError - ReferenceError: Readable is not defined
    at /Users/zhaoguoxing/Documents/code/shuqi/susie-pjax/dist/controllers/IndexController.js:44:30
    at new Promise (<anonymous>)
    at createSsrStreamPromise (/Users/zhaoguoxing/Documents/code/shuqi/susie-pjax/dist/controllers/IndexController.js:43:16)
    at actionHome (/Users/zhaoguoxing/Documents/code/shuqi/susie-pjax/dist/controllers/IndexController.js:57:13)
    at async /Users/zhaoguoxing/Documents/code/shuqi/susie-pjax/dist/middlewares/ErrorHandler.js:12:9
    at async serve (/Users/zhaoguoxing/Documents/code/shuqi/susie-pjax/node_modules/koa-static/index.js:53:9)
[2021-03-31T07:53:02.940] [ERROR] globalError - ReferenceError: Readable is not defined
    at /Users/zhaoguoxing/Documents/code/shuqi/susie-pjax/dist/controllers/IndexController.js:44:30
    at new Promise (<anonymous>)
    at createSsrStreamPromise (/Users/zhaoguoxing/Documents/code/shuqi/susie-pjax/dist/controllers/IndexController.js:43:16)
    at actionHome (/Users/zhaoguoxing/Documents/code/shuqi/susie-pjax/dist/controllers/IndexController.js:57:13)
    at async /Users/zhaoguoxing/Documents/code/shuqi/susie-pjax/dist/middlewares/ErrorHandler.js:12:9
    at async serve (/Users/zhaoguoxing/Documents/code/shuqi/susie-pjax/node_modules/koa-static/index.js:53:9)
